<?xml version="1.0" encoding="UTF-8"?>
<!-- Generated by org.testng.reporters.JUnitReportReporter -->
<testsuite hostname="Ajit-Singh" failures="0" tests="2" name="com.crm.qa.testcases.HomePageTest" time="50.170" errors="0" timestamp="11 Nov 2021 09:22:29 GMT" skipped="0">
  <testcase classname="com.crm.qa.testcases.HomePageTest" name="verifyHomePageTitleTest" time="24.282"/>
  <testcase classname="com.crm.qa.testcases.HomePageTest" name="verifyUserNameTest" time="25.888"/>
</testsuite> <!-- com.crm.qa.testcases.HomePageTest -->
