<?xml version="1.0" encoding="UTF-8"?>
<!-- Generated by org.testng.reporters.JUnitReportReporter -->
<testsuite hostname="Ajit-Singh" failures="0" tests="3" name="com.crm.qa.testcases.LoginPageTest" time="45.597" errors="0" timestamp="11 Nov 2021 09:21:16 GMT" skipped="0">
  <testcase classname="com.crm.qa.testcases.LoginPageTest" name="loginPageTitleTest" time="10.685"/>
  <testcase classname="com.crm.qa.testcases.LoginPageTest" name="crmLogoImageTest" time="11.854"/>
  <testcase classname="com.crm.qa.testcases.LoginPageTest" name="loginTest" time="23.058"/>
</testsuite> <!-- com.crm.qa.testcases.LoginPageTest -->
